<?xml version="1.0" encoding="UTF-8"?>
<!-- Generated by org.testng.reporters.JUnitXMLReporter -->
<testsuite ignored="0" hostname="LAPTOP-4QBINALR" failures="0" tests="5" name="Test_Case10" time="10.035" errors="0" timestamp="2025-05-09T22:11:45 EEST">
  <testcase classname="Test_Case10" name="homePageVerfication" time="0.018"/>
  <testcase classname="Test_Case10" name="ScrollDown" time="0.043"/>
  <testcase classname="Test_Case10" name="VerfiySub" time="0.067"/>
  <testcase classname="Test_Case10" name="EmailBttn" time="0.327"/>
  <testcase classname="Test_Case10" name="SucessMsg" time="0.024"/>
</testsuite> <!-- Test_Case10 -->
